  ZXC.cpp
C:\Users\lenovo\source\repos\OPNGL\OPNGL\ZXC.cpp(23,1): warning C4566: character represented by universal-character-name '\u0627' cannot be represented in the current code page (1252)
C:\Users\lenovo\source\repos\OPNGL\OPNGL\ZXC.cpp(23,1): warning C4566: character represented by universal-character-name '\u0644' cannot be represented in the current code page (1252)
C:\Users\lenovo\source\repos\OPNGL\OPNGL\ZXC.cpp(23,1): warning C4566: character represented by universal-character-name '\u062D' cannot be represented in the current code page (1252)
C:\Users\lenovo\source\repos\OPNGL\OPNGL\ZXC.cpp(23,1): warning C4566: character represented by universal-character-name '\u0631' cannot be represented in the current code page (1252)
C:\Users\lenovo\source\repos\OPNGL\OPNGL\ZXC.cpp(23,1): warning C4566: character represented by universal-character-name '\u0643' cannot be represented in the current code page (1252)
C:\Users\lenovo\source\repos\OPNGL\OPNGL\ZXC.cpp(23,1): warning C4566: character represented by universal-character-name '\u0629' cannot be represented in the current code page (1252)
C:\Users\lenovo\source\repos\OPNGL\OPNGL\ZXC.cpp(23,1): warning C4566: character represented by universal-character-name '\u064A' cannot be represented in the current code page (1252)
C:\Users\lenovo\source\repos\OPNGL\OPNGL\ZXC.cpp(23,1): warning C4566: character represented by universal-character-name '\u0648' cannot be represented in the current code page (1252)
C:\Users\lenovo\source\repos\OPNGL\OPNGL\ZXC.cpp(23,1): warning C4566: character represented by universal-character-name '\u0628' cannot be represented in the current code page (1252)
C:\Users\lenovo\source\repos\OPNGL\OPNGL\ZXC.cpp(23,1): warning C4566: character represented by universal-character-name '\u062A' cannot be represented in the current code page (1252)
C:\Users\lenovo\source\repos\OPNGL\OPNGL\ZXC.cpp(23,1): warning C4566: character represented by universal-character-name '\u0645' cannot be represented in the current code page (1252)
C:\Users\lenovo\source\repos\OPNGL\OPNGL\ZXC.cpp(23,1): warning C4566: character represented by universal-character-name '\u0646' cannot be represented in the current code page (1252)
C:\Users\lenovo\source\repos\OPNGL\OPNGL\ZXC.cpp(23,1): warning C4566: character represented by universal-character-name '\u0633' cannot be represented in the current code page (1252)
C:\Users\lenovo\source\repos\OPNGL\OPNGL\ZXC.cpp(27,1): warning C4566: character represented by universal-character-name '\u0627' cannot be represented in the current code page (1252)
C:\Users\lenovo\source\repos\OPNGL\OPNGL\ZXC.cpp(27,1): warning C4566: character represented by universal-character-name '\u0644' cannot be represented in the current code page (1252)
C:\Users\lenovo\source\repos\OPNGL\OPNGL\ZXC.cpp(27,1): warning C4566: character represented by universal-character-name '\u062D' cannot be represented in the current code page (1252)
C:\Users\lenovo\source\repos\OPNGL\OPNGL\ZXC.cpp(27,1): warning C4566: character represented by universal-character-name '\u0631' cannot be represented in the current code page (1252)
C:\Users\lenovo\source\repos\OPNGL\OPNGL\ZXC.cpp(27,1): warning C4566: character represented by universal-character-name '\u0643' cannot be represented in the current code page (1252)
C:\Users\lenovo\source\repos\OPNGL\OPNGL\ZXC.cpp(27,1): warning C4566: character represented by universal-character-name '\u062A' cannot be represented in the current code page (1252)
C:\Users\lenovo\source\repos\OPNGL\OPNGL\ZXC.cpp(27,1): warning C4566: character represented by universal-character-name '\u062F' cannot be represented in the current code page (1252)
C:\Users\lenovo\source\repos\OPNGL\OPNGL\ZXC.cpp(27,1): warning C4566: character represented by universal-character-name '\u062E' cannot be represented in the current code page (1252)
C:\Users\lenovo\source\repos\OPNGL\OPNGL\ZXC.cpp(27,1): warning C4566: character represented by universal-character-name '\u064A' cannot be represented in the current code page (1252)
C:\Users\lenovo\source\repos\OPNGL\OPNGL\ZXC.cpp(27,1): warning C4566: character represented by universal-character-name '\u0629' cannot be represented in the current code page (1252)
C:\Users\lenovo\source\repos\OPNGL\OPNGL\ZXC.cpp(27,1): warning C4566: character represented by universal-character-name '\u0633' cannot be represented in the current code page (1252)
C:\Users\lenovo\source\repos\OPNGL\OPNGL\ZXC.cpp(27,1): warning C4566: character represented by universal-character-name '\u0628' cannot be represented in the current code page (1252)
C:\Users\lenovo\source\repos\OPNGL\OPNGL\ZXC.cpp(27,1): warning C4566: character represented by universal-character-name '\u0646' cannot be represented in the current code page (1252)
C:\Users\lenovo\source\repos\OPNGL\OPNGL\ZXC.cpp(27,1): warning C4566: character represented by universal-character-name '\u0648' cannot be represented in the current code page (1252)
C:\Users\lenovo\source\repos\OPNGL\OPNGL\ZXC.cpp(27,1): warning C4566: character represented by universal-character-name '\u0639' cannot be represented in the current code page (1252)
C:\Users\lenovo\source\repos\OPNGL\OPNGL\ZXC.cpp(27,1): warning C4566: character represented by universal-character-name '\u062C' cannot be represented in the current code page (1252)
C:\Users\lenovo\source\repos\OPNGL\OPNGL\ZXC.cpp(27,1): warning C4566: character represented by universal-character-name '\u0632' cannot be represented in the current code page (1252)
C:\Users\lenovo\source\repos\OPNGL\OPNGL\ZXC.cpp(27,1): warning C4566: character represented by universal-character-name '\u0621' cannot be represented in the current code page (1252)
C:\Users\lenovo\source\repos\OPNGL\OPNGL\ZXC.cpp(29,1): warning C4566: character represented by universal-character-name '\u0627' cannot be represented in the current code page (1252)
C:\Users\lenovo\source\repos\OPNGL\OPNGL\ZXC.cpp(29,1): warning C4566: character represented by universal-character-name '\u0644' cannot be represented in the current code page (1252)
C:\Users\lenovo\source\repos\OPNGL\OPNGL\ZXC.cpp(29,1): warning C4566: character represented by universal-character-name '\u0639' cannot be represented in the current code page (1252)
C:\Users\lenovo\source\repos\OPNGL\OPNGL\ZXC.cpp(29,1): warning C4566: character represented by universal-character-name '\u064A' cannot be represented in the current code page (1252)
C:\Users\lenovo\source\repos\OPNGL\OPNGL\ZXC.cpp(29,1): warning C4566: character represented by universal-character-name '\u0648' cannot be represented in the current code page (1252)
C:\Users\lenovo\source\repos\OPNGL\OPNGL\ZXC.cpp(29,1): warning C4566: character represented by universal-character-name '\u0646' cannot be represented in the current code page (1252)
C:\Users\lenovo\source\repos\OPNGL\OPNGL\ZXC.cpp(29,1): warning C4566: character represented by universal-character-name '\u062A' cannot be represented in the current code page (1252)
C:\Users\lenovo\source\repos\OPNGL\OPNGL\ZXC.cpp(29,1): warning C4566: character represented by universal-character-name '\u063A' cannot be represented in the current code page (1252)
C:\Users\lenovo\source\repos\OPNGL\OPNGL\ZXC.cpp(29,1): warning C4566: character represented by universal-character-name '\u0642' cannot be represented in the current code page (1252)
C:\Users\lenovo\source\repos\OPNGL\OPNGL\ZXC.cpp(29,1): warning C4566: character represented by universal-character-name '\u0641' cannot be represented in the current code page (1252)
C:\Users\lenovo\source\repos\OPNGL\OPNGL\ZXC.cpp(29,1): warning C4566: character represented by universal-character-name '\u062D' cannot be represented in the current code page (1252)
C:\Users\lenovo\source\repos\OPNGL\OPNGL\ZXC.cpp(43,1): warning C4566: character represented by universal-character-name '\u0627' cannot be represented in the current code page (1252)
C:\Users\lenovo\source\repos\OPNGL\OPNGL\ZXC.cpp(43,1): warning C4566: character represented by universal-character-name '\u0644' cannot be represented in the current code page (1252)
C:\Users\lenovo\source\repos\OPNGL\OPNGL\ZXC.cpp(43,1): warning C4566: character represented by universal-character-name '\u0641' cannot be represented in the current code page (1252)
C:\Users\lenovo\source\repos\OPNGL\OPNGL\ZXC.cpp(43,1): warning C4566: character represented by universal-character-name '\u0645' cannot be represented in the current code page (1252)
C:\Users\lenovo\source\repos\OPNGL\OPNGL\ZXC.cpp(43,1): warning C4566: character represented by universal-character-name '\u064A' cannot be represented in the current code page (1252)
C:\Users\lenovo\source\repos\OPNGL\OPNGL\ZXC.cpp(43,1): warning C4566: character represented by universal-character-name '\u062A' cannot be represented in the current code page (1252)
C:\Users\lenovo\source\repos\OPNGL\OPNGL\ZXC.cpp(43,1): warning C4566: character represented by universal-character-name '\u062F' cannot be represented in the current code page (1252)
C:\Users\lenovo\source\repos\OPNGL\OPNGL\ZXC.cpp(43,1): warning C4566: character represented by universal-character-name '\u0648' cannot be represented in the current code page (1252)
C:\Users\lenovo\source\repos\OPNGL\OPNGL\ZXC.cpp(43,1): warning C4566: character represented by universal-character-name '\u0642' cannot be represented in the current code page (1252)
C:\Users\lenovo\source\repos\OPNGL\OPNGL\ZXC.cpp(43,1): warning C4566: character represented by universal-character-name '\u0635' cannot be represented in the current code page (1252)
C:\Users\lenovo\source\repos\OPNGL\OPNGL\ZXC.cpp(54,1): warning C4566: character represented by universal-character-name '\u0627' cannot be represented in the current code page (1252)
C:\Users\lenovo\source\repos\OPNGL\OPNGL\ZXC.cpp(54,1): warning C4566: character represented by universal-character-name '\u0644' cannot be represented in the current code page (1252)
C:\Users\lenovo\source\repos\OPNGL\OPNGL\ZXC.cpp(54,1): warning C4566: character represented by universal-character-name '\u064A' cannot be represented in the current code page (1252)
C:\Users\lenovo\source\repos\OPNGL\OPNGL\ZXC.cpp(54,1): warning C4566: character represented by universal-character-name '\u062F' cannot be represented in the current code page (1252)
C:\Users\lenovo\source\repos\OPNGL\OPNGL\ZXC.cpp(54,1): warning C4566: character represented by universal-character-name '\u0646' cannot be represented in the current code page (1252)
C:\Users\lenovo\source\repos\OPNGL\OPNGL\ZXC.cpp(54,1): warning C4566: character represented by universal-character-name '\u062A' cannot be represented in the current code page (1252)
C:\Users\lenovo\source\repos\OPNGL\OPNGL\ZXC.cpp(54,1): warning C4566: character represented by universal-character-name '\u062D' cannot be represented in the current code page (1252)
C:\Users\lenovo\source\repos\OPNGL\OPNGL\ZXC.cpp(54,1): warning C4566: character represented by universal-character-name '\u0631' cannot be represented in the current code page (1252)
C:\Users\lenovo\source\repos\OPNGL\OPNGL\ZXC.cpp(54,1): warning C4566: character represented by universal-character-name '\u0643' cannot be represented in the current code page (1252)
C:\Users\lenovo\source\repos\OPNGL\OPNGL\ZXC.cpp(54,1): warning C4566: character represented by universal-character-name '\u0623' cannot be represented in the current code page (1252)
C:\Users\lenovo\source\repos\OPNGL\OPNGL\ZXC.cpp(54,1): warning C4566: character represented by universal-character-name '\u0639' cannot be represented in the current code page (1252)
C:\Users\lenovo\source\repos\OPNGL\OPNGL\ZXC.cpp(54,1): warning C4566: character represented by universal-character-name '\u0649' cannot be represented in the current code page (1252)
C:\Users\lenovo\source\repos\OPNGL\OPNGL\ZXC.cpp(54,1): warning C4566: character represented by universal-character-name '\u0648' cannot be represented in the current code page (1252)
C:\Users\lenovo\source\repos\OPNGL\OPNGL\ZXC.cpp(54,1): warning C4566: character represented by universal-character-name '\u0633' cannot be represented in the current code page (1252)
C:\Users\lenovo\source\repos\OPNGL\OPNGL\ZXC.cpp(54,1): warning C4566: character represented by universal-character-name '\u0641' cannot be represented in the current code page (1252)
C:\Users\lenovo\source\repos\OPNGL\OPNGL\ZXC.cpp(57,1): warning C4566: character represented by universal-character-name '\u0623' cannot be represented in the current code page (1252)
C:\Users\lenovo\source\repos\OPNGL\OPNGL\ZXC.cpp(57,1): warning C4566: character represented by universal-character-name '\u0636' cannot be represented in the current code page (1252)
C:\Users\lenovo\source\repos\OPNGL\OPNGL\ZXC.cpp(57,1): warning C4566: character represented by universal-character-name '\u064A' cannot be represented in the current code page (1252)
C:\Users\lenovo\source\repos\OPNGL\OPNGL\ZXC.cpp(57,1): warning C4566: character represented by universal-character-name '\u0642' cannot be represented in the current code page (1252)
C:\Users\lenovo\source\repos\OPNGL\OPNGL\ZXC.cpp(57,1): warning C4566: character represented by universal-character-name '\u0644' cannot be represented in the current code page (1252)
C:\Users\lenovo\source\repos\OPNGL\OPNGL\ZXC.cpp(57,1): warning C4566: character represented by universal-character-name '\u062F' cannot be represented in the current code page (1252)
C:\Users\lenovo\source\repos\OPNGL\OPNGL\ZXC.cpp(57,1): warning C4566: character represented by universal-character-name '\u0627' cannot be represented in the current code page (1252)
C:\Users\lenovo\source\repos\OPNGL\OPNGL\ZXC.cpp(57,1): warning C4566: character represented by universal-character-name '\u0631' cannot be represented in the current code page (1252)
C:\Users\lenovo\source\repos\OPNGL\OPNGL\ZXC.cpp(57,1): warning C4566: character represented by universal-character-name '\u0641' cannot be represented in the current code page (1252)
C:\Users\lenovo\source\repos\OPNGL\OPNGL\ZXC.cpp(57,1): warning C4566: character represented by universal-character-name '\u0639' cannot be represented in the current code page (1252)
C:\Users\lenovo\source\repos\OPNGL\OPNGL\ZXC.cpp(57,1): warning C4566: character represented by universal-character-name '\u0629' cannot be represented in the current code page (1252)
C:\Users\lenovo\source\repos\OPNGL\OPNGL\ZXC.cpp(65,1): warning C4566: character represented by universal-character-name '\u0627' cannot be represented in the current code page (1252)
C:\Users\lenovo\source\repos\OPNGL\OPNGL\ZXC.cpp(65,1): warning C4566: character represented by universal-character-name '\u0644' cannot be represented in the current code page (1252)
C:\Users\lenovo\source\repos\OPNGL\OPNGL\ZXC.cpp(65,1): warning C4566: character represented by universal-character-name '\u0623' cannot be represented in the current code page (1252)
C:\Users\lenovo\source\repos\OPNGL\OPNGL\ZXC.cpp(65,1): warning C4566: character represented by universal-character-name '\u0631' cannot be represented in the current code page (1252)
C:\Users\lenovo\source\repos\OPNGL\OPNGL\ZXC.cpp(65,1): warning C4566: character represented by universal-character-name '\u062C' cannot be represented in the current code page (1252)
C:\Users\lenovo\source\repos\OPNGL\OPNGL\ZXC.cpp(65,1): warning C4566: character represented by universal-character-name '\u062A' cannot be represented in the current code page (1252)
C:\Users\lenovo\source\repos\OPNGL\OPNGL\ZXC.cpp(65,1): warning C4566: character represented by universal-character-name '\u062D' cannot be represented in the current code page (1252)
C:\Users\lenovo\source\repos\OPNGL\OPNGL\ZXC.cpp(65,1): warning C4566: character represented by universal-character-name '\u0643' cannot be represented in the current code page (1252)
C:\Users\lenovo\source\repos\OPNGL\OPNGL\ZXC.cpp(65,1): warning C4566: character represented by universal-character-name '\u0639' cannot be represented in the current code page (1252)
C:\Users\lenovo\source\repos\OPNGL\OPNGL\ZXC.cpp(65,1): warning C4566: character represented by universal-character-name '\u0633' cannot be represented in the current code page (1252)
C:\Users\lenovo\source\repos\OPNGL\OPNGL\ZXC.cpp(65,1): warning C4566: character represented by universal-character-name '\u064A' cannot be represented in the current code page (1252)
C:\Users\lenovo\source\repos\OPNGL\OPNGL\ZXC.cpp(65,1): warning C4566: character represented by universal-character-name '\u062F' cannot be represented in the current code page (1252)
C:\Users\lenovo\source\repos\OPNGL\OPNGL\ZXC.cpp(65,1): warning C4566: character represented by universal-character-name '\u0646' cannot be represented in the current code page (1252)
C:\Users\lenovo\source\repos\OPNGL\OPNGL\ZXC.cpp(76,1): warning C4566: character represented by universal-character-name '\u0627' cannot be represented in the current code page (1252)
C:\Users\lenovo\source\repos\OPNGL\OPNGL\ZXC.cpp(76,1): warning C4566: character represented by universal-character-name '\u0644' cannot be represented in the current code page (1252)
C:\Users\lenovo\source\repos\OPNGL\OPNGL\ZXC.cpp(76,1): warning C4566: character represented by universal-character-name '\u0647' cannot be represented in the current code page (1252)
C:\Users\lenovo\source\repos\OPNGL\OPNGL\ZXC.cpp(76,1): warning C4566: character represented by universal-character-name '\u0648' cannot be represented in the current code page (1252)
C:\Users\lenovo\source\repos\OPNGL\OPNGL\ZXC.cpp(76,1): warning C4566: character represented by universal-character-name '\u0626' cannot be represented in the current code page (1252)
C:\Users\lenovo\source\repos\OPNGL\OPNGL\ZXC.cpp(76,1): warning C4566: character represented by universal-character-name '\u064A' cannot be represented in the current code page (1252)
C:\Users\lenovo\source\repos\OPNGL\OPNGL\ZXC.cpp(76,1): warning C4566: character represented by universal-character-name '\u062A' cannot be represented in the current code page (1252)
C:\Users\lenovo\source\repos\OPNGL\OPNGL\ZXC.cpp(76,1): warning C4566: character represented by universal-character-name '\u062D' cannot be represented in the current code page (1252)
C:\Users\lenovo\source\repos\OPNGL\OPNGL\ZXC.cpp(76,1): warning C4566: character represented by universal-character-name '\u0631' cannot be represented in the current code page (1252)
C:\Users\lenovo\source\repos\OPNGL\OPNGL\ZXC.cpp(76,1): warning C4566: character represented by universal-character-name '\u0643' cannot be represented in the current code page (1252)
C:\Users\lenovo\source\repos\OPNGL\OPNGL\ZXC.cpp(76,1): warning C4566: character represented by universal-character-name '\u0645' cannot be represented in the current code page (1252)
C:\Users\lenovo\source\repos\OPNGL\OPNGL\ZXC.cpp(76,1): warning C4566: character represented by universal-character-name '\u0646' cannot be represented in the current code page (1252)
C:\Users\lenovo\source\repos\OPNGL\OPNGL\ZXC.cpp(76,1): warning C4566: character represented by universal-character-name '\u0633' cannot be represented in the current code page (1252)
C:\Users\lenovo\source\repos\OPNGL\OPNGL\ZXC.cpp(387,32): warning C4244: '=': conversion from 'double' to 'float', possible loss of data
  OPNGL.vcxproj -> C:\Users\lenovo\source\repos\OPNGL\Debug\OPNGL.exe
